[ 2018-11-16T10:54:21+08:00 ] ::1 ::1 GET /learnPHPExcel/public/index/index/index
[ log ] localhost/learnPHPExcel/public/index/index/index [运行时间：0.087928s][吞吐率：11.37req/s] [内存消耗：1,601.87kb] [文件加载：42]
[ info ] [ ROUTE ] array (
  'type' => 'module',
  'module' => 
  array (
    0 => 'index',
    1 => 'index',
    2 => 'index',
  ),
)
[ info ] [ HEADER ] array (
  'host' => 'localhost',
  'connection' => 'keep-alive',
  'upgrade-insecure-requests' => '1',
  'user-agent' => 'Mozilla/5.0 (Windows NT 10.0; WOW64) AppleWebKit/537.36 (KHTML, like Gecko) Chrome/65.0.3325.181 Safari/537.36',
  'accept' => 'text/html,application/xhtml+xml,application/xml;q=0.9,image/webp,image/apng,*/*;q=0.8',
  'accept-encoding' => 'gzip, deflate, br',
  'accept-language' => 'zh-CN,zh;q=0.9',
)
[ info ] [ PARAM ] array (
)
[ info ] [ RUN ] Method [ <user> public method index ] {
  @@ E:\phpstudy\WWW\learnPHPExcel\application\index\controller\Index.php 15 - 17
}

[ info ] [ VIEW ] E:\phpstudy\WWW\learnPHPExcel\public/../application/index\view\index\index.html [ array (
) ]
[ info ] [ LOG ] INIT File

---------------------------------------------------------------
